<?xml version="1.0" encoding="UTF-8"?>
<!-- Generated by org.testng.reporters.JUnitReportReporter -->
<testsuite hostname="Shaheens-iMac.lan" failures="0" tests="1" name="postApi" time="9.172" errors="0" timestamp="14 May 2023 06:57:24 GMT" skipped="0">
  <testcase classname="postApi" name="ValidatePostApi" time="9.172"/>
</testsuite> <!-- postApi -->
